 SUCCESSLY reading geography from [../input/geography.nc] into simulation!
 SUCCESSLY reading albedo from [../input/albedo.nc] into simulation!

 Radiation Constants   A: 210.30 B:   2.15

 Diffusion Parameters
 KlandSP:   0.20 KlandNP:   0.28
     Keq:   0.65  Kocean:   0.40

      Radiative Relaxation Times (C/B) 
    Atmosphere over sea ice : 51.61 days
       Atmosphere over snow : 33.81 days
       Atmosphere over land : 35.69 days
 Atmosphere over mixed layer:  4.39 yrs

 Lon/Lat Monthly Mean 2D Albedo

 Constant Solar Irradiance
 Constant Orbital Parameters

 Start Energy Balance Model simulation:

  Year   Global Temperature
    1     7.22594
    2     9.53557
    3    10.65548
    4    11.60542
    5    12.34102
    6    12.89490
    7    13.30745
    8    13.61338
    9    13.83988
   10    14.00752
   11    14.13161
   12    14.22350
   13    14.29157
   14    14.34201
   15    14.37940
   16    14.40712
   17    14.42770
   18    14.44297
   19    14.45430
   20    14.46271
   21    14.46895
   22    14.47358
   23    14.47702
   24    14.47958
   25    14.48147
   26    14.48288
   27    14.48393
   28    14.48471
   29    14.48529
   30    14.48571
   31    14.48604
   32    14.48627
   33    14.48645
   34    14.48658
   35    14.48668
   36    14.48675
   37    14.48680
   38    14.48685
   39    14.48687
   40    14.48690
   41    14.48692

EQUILIBRIUM REACHED AFTER  41 YEARS. GLOBAL TEMP= 14.4869

 Elapsed time:      0.72 minutes
 Monthly temperature results stored successfully in ../output/monthly-output.nc!
 48 time steps temperature results stored successfully in ../output/timesteps-output.nc!
